<?xml version="1.0" encoding="UTF-8"?>
<!-- Generated by org.testng.reporters.JUnitXMLReporter -->
<testsuite ignored="8" hostname="DESKTOP-GKP5KUT" failures="0" tests="1" name="Default test" time="5.655" errors="0" timestamp="2024-08-10T17:00:50 IST">
  <testcase classname="restAssuredBasics.GitHubCRUDUsingFileUpload" name="updateRepo" time="5.579"/>
  <testcase classname="restAssuredBasics.GitHubCRUDUsingFileUpload" name="createRepo2" time="0.0">
    <ignored/>
  </testcase> <!-- createRepo2 -->
  <testcase classname="restAssuredBasics.GitHubCRUDUsingFileUpload" name="updateRepo2" time="0.0">
    <ignored/>
  </testcase> <!-- updateRepo2 -->
  <testcase classname="restAssuredBasics.GitHubCRUDUsingFileUpload" name="createRepo" time="0.0">
    <ignored/>
  </testcase> <!-- createRepo -->
  <testcase classname="restAssuredBasics.GitHubCRUDUsingFileUpload" name="deleteRepo3" time="0.0">
    <ignored/>
  </testcase> <!-- deleteRepo3 -->
  <testcase classname="restAssuredBasics.GitHubCRUDUsingFileUpload" name="smokeCheck" time="0.0">
    <ignored/>
  </testcase> <!-- smokeCheck -->
  <testcase classname="restAssuredBasics.GitHubCRUDUsingFileUpload" name="deleteRepo" time="0.0">
    <ignored/>
  </testcase> <!-- deleteRepo -->
  <testcase classname="restAssuredBasics.GitHubCRUDUsingFileUpload" name="deleteRepo2" time="0.0">
    <ignored/>
  </testcase> <!-- deleteRepo2 -->
  <testcase classname="restAssuredBasics.GitHubCRUDUsingFileUpload" name="getInfromation" time="0.0">
    <ignored/>
  </testcase> <!-- getInfromation -->
</testsuite> <!-- Default test -->
