<?xml version="1.0" encoding="UTF-8"?>
<testng-results ignored="8" total="9" passed="1" failed="0" skipped="0">
  <reporter-output>
  </reporter-output>
  <suite started-at="2024-08-10T17:00:44 IST" name="Default suite" finished-at="2024-08-10T17:00:50 IST" duration-ms="5655">
    <groups>
    </groups>
    <test started-at="2024-08-10T17:00:44 IST" name="Default test" finished-at="2024-08-10T17:00:50 IST" duration-ms="5655">
      <class name="restAssuredBasics.GitHubCRUDUsingFileUpload">
        <test-method signature="updateRepo()[pri:0, instance:restAssuredBasics.GitHubCRUDUsingFileUpload@a9cd3b1]" started-at="2024-08-10T17:00:44 IST" name="updateRepo" finished-at="2024-08-10T17:00:50 IST" duration-ms="5579" status="PASS">
          <reporter-output>
          </reporter-output>
        </test-method> <!-- updateRepo -->
      </class> <!-- restAssuredBasics.GitHubCRUDUsingFileUpload -->
    </test> <!-- Default test -->
  </suite> <!-- Default suite -->
</testng-results>
